# Logfile created on Wed Apr 04 15:16:39 +0530 2012checking plugin 'engines' for 'application_helper'
checking plugin 'actionwebservice' for 'application_helper'
checking plugin 'acts_as_activity_provider' for 'application_helper'
checking plugin 'acts_as_attachable' for 'application_helper'
checking plugin 'acts_as_customizable' for 'application_helper'
checking plugin 'acts_as_event' for 'application_helper'
checking plugin 'acts_as_list' for 'application_helper'
checking plugin 'acts_as_searchable' for 'application_helper'
checking plugin 'acts_as_tree' for 'application_helper'
checking plugin 'acts_as_versioned' for 'application_helper'
checking plugin 'acts_as_watchable' for 'application_helper'
checking plugin 'classic_pagination' for 'application_helper'
checking plugin 'coderay-0.7.6.227' for 'application_helper'
checking plugin 'gloc-1.1.0' for 'application_helper'
checking plugin 'gravatar' for 'application_helper'
checking plugin 'rfpdf' for 'application_helper'
checking plugin 'ruby-net-ldap-0.0.4' for 'application_helper'
loading from application: application_helper
loading routes from /home/sriram/redmine/redmine-0.8.6/vendor/plugins/engines/routes.rb
loading routes from /home/sriram/redmine/redmine-0.8.6/vendor/plugins/actionwebservice/routes.rb
loading routes from /home/sriram/redmine/redmine-0.8.6/vendor/plugins/acts_as_activity_provider/routes.rb
loading routes from /home/sriram/redmine/redmine-0.8.6/vendor/plugins/acts_as_attachable/routes.rb
loading routes from /home/sriram/redmine/redmine-0.8.6/vendor/plugins/acts_as_customizable/routes.rb
loading routes from /home/sriram/redmine/redmine-0.8.6/vendor/plugins/acts_as_event/routes.rb
loading routes from /home/sriram/redmine/redmine-0.8.6/vendor/plugins/acts_as_list/routes.rb
loading routes from /home/sriram/redmine/redmine-0.8.6/vendor/plugins/acts_as_searchable/routes.rb
loading routes from /home/sriram/redmine/redmine-0.8.6/vendor/plugins/acts_as_tree/routes.rb
loading routes from /home/sriram/redmine/redmine-0.8.6/vendor/plugins/acts_as_versioned/routes.rb
loading routes from /home/sriram/redmine/redmine-0.8.6/vendor/plugins/acts_as_watchable/routes.rb
loading routes from /home/sriram/redmine/redmine-0.8.6/vendor/plugins/classic_pagination/routes.rb
loading routes from /home/sriram/redmine/redmine-0.8.6/vendor/plugins/coderay-0.7.6.227/routes.rb
loading routes from /home/sriram/redmine/redmine-0.8.6/vendor/plugins/gloc-1.1.0/routes.rb
loading routes from /home/sriram/redmine/redmine-0.8.6/vendor/plugins/gravatar/routes.rb
loading routes from /home/sriram/redmine/redmine-0.8.6/vendor/plugins/rfpdf/routes.rb
loading routes from /home/sriram/redmine/redmine-0.8.6/vendor/plugins/ruby-net-ldap-0.0.4/routes.rb
checking plugin 'engines' for 'welcome_controller'
checking plugin 'actionwebservice' for 'welcome_controller'
checking plugin 'acts_as_activity_provider' for 'welcome_controller'
checking plugin 'acts_as_attachable' for 'welcome_controller'
checking plugin 'acts_as_customizable' for 'welcome_controller'
checking plugin 'acts_as_event' for 'welcome_controller'
checking plugin 'acts_as_list' for 'welcome_controller'
checking plugin 'acts_as_searchable' for 'welcome_controller'
checking plugin 'acts_as_tree' for 'welcome_controller'
checking plugin 'acts_as_versioned' for 'welcome_controller'
checking plugin 'acts_as_watchable' for 'welcome_controller'
checking plugin 'classic_pagination' for 'welcome_controller'
checking plugin 'coderay-0.7.6.227' for 'welcome_controller'
checking plugin 'gloc-1.1.0' for 'welcome_controller'
checking plugin 'gravatar' for 'welcome_controller'
checking plugin 'rfpdf' for 'welcome_controller'
checking plugin 'ruby-net-ldap-0.0.4' for 'welcome_controller'
loading from application: welcome_controller
checking plugin 'engines' for 'welcome_helper'
checking plugin 'actionwebservice' for 'welcome_helper'
checking plugin 'acts_as_activity_provider' for 'welcome_helper'
checking plugin 'acts_as_attachable' for 'welcome_helper'
checking plugin 'acts_as_customizable' for 'welcome_helper'
checking plugin 'acts_as_event' for 'welcome_helper'
checking plugin 'acts_as_list' for 'welcome_helper'
checking plugin 'acts_as_searchable' for 'welcome_helper'
checking plugin 'acts_as_tree' for 'welcome_helper'
checking plugin 'acts_as_versioned' for 'welcome_helper'
checking plugin 'acts_as_watchable' for 'welcome_helper'
checking plugin 'classic_pagination' for 'welcome_helper'
checking plugin 'coderay-0.7.6.227' for 'welcome_helper'
checking plugin 'gloc-1.1.0' for 'welcome_helper'
checking plugin 'gravatar' for 'welcome_helper'
checking plugin 'rfpdf' for 'welcome_helper'
checking plugin 'ruby-net-ldap-0.0.4' for 'welcome_helper'
loading from application: welcome_helper


Processing WelcomeController#index (for 127.0.0.1 at 2012-04-04 15:16:57) [GET]
  Session ID: 9d0504ae50fe2335616ad3f24da74038
  Parameters: {"controller"=>"welcome", "action"=>"index"}


Processing WelcomeController#index (for 127.0.0.1 at 2012-04-04 15:16:57) [GET]
  Session ID: 9d0504ae50fe2335616ad3f24da74038
  Parameters: {"controller"=>"welcome", "action"=>"index"}


Mysql::Error (Access denied for user 'root'@'localhost' (using password: NO)):
    /vendor/rails/activerecord/lib/active_record/connection_adapters/mysql_adapter.rb:527:in `real_connect'
    /vendor/rails/activerecord/lib/active_record/connection_adapters/mysql_adapter.rb:527:in `connect'
    /vendor/rails/activerecord/lib/active_record/connection_adapters/mysql_adapter.rb:186:in `initialize'
    /vendor/rails/activerecord/lib/active_record/connection_adapters/mysql_adapter.rb:85:in `new'
    /vendor/rails/activerecord/lib/active_record/connection_adapters/mysql_adapter.rb:85:in `mysql_connection'
    /vendor/rails/activerecord/lib/active_record/connection_adapters/abstract/connection_specification.rb:292:in `send'
    /vendor/rails/activerecord/lib/active_record/connection_adapters/abstract/connection_specification.rb:292:in `connection='
    /vendor/rails/activerecord/lib/active_record/connection_adapters/abstract/connection_specification.rb:260:in `retrieve_connection'
    /vendor/rails/activerecord/lib/active_record/connection_adapters/abstract/connection_specification.rb:78:in `connection'
    /vendor/rails/activerecord/lib/active_record/query_cache.rb:8:in `cache'
    /vendor/rails/actionpack/lib/action_controller/caching/sql_cache.rb:12:in `perform_action'
    /vendor/rails/actionpack/lib/action_controller/base.rb:529:in `send'
    /vendor/rails/actionpack/lib/action_controller/base.rb:529:in `process_without_filters'
    /vendor/rails/actionpack/lib/action_controller/filters.rb:568:in `process_without_session_management_support'
    /vendor/rails/actionpack/lib/action_controller/session_management.rb:130:in `process'
    /vendor/rails/actionpack/lib/action_controller/base.rb:389:in `process'
    /vendor/rails/actionpack/lib/action_controller/dispatcher.rb:149:in `handle_request'
    /vendor/rails/actionpack/lib/action_controller/dispatcher.rb:107:in `dispatch'
    /vendor/rails/actionpack/lib/action_controller/dispatcher.rb:104:in `synchronize'
    /vendor/rails/actionpack/lib/action_controller/dispatcher.rb:104:in `dispatch'
    /vendor/rails/actionpack/lib/action_controller/dispatcher.rb:120:in `dispatch_cgi'
    /vendor/rails/actionpack/lib/action_controller/dispatcher.rb:35:in `dispatch'
    /vendor/rails/railties/lib/webrick_server.rb:112:in `handle_dispatch'
    /vendor/rails/railties/lib/webrick_server.rb:78:in `service'
    /usr/lib/ruby/1.8/webrick/httpserver.rb:104:in `service'
    /usr/lib/ruby/1.8/webrick/httpserver.rb:65:in `run'
    /usr/lib/ruby/1.8/webrick/server.rb:173:in `start_thread'
    /usr/lib/ruby/1.8/webrick/server.rb:162:in `start'
    /usr/lib/ruby/1.8/webrick/server.rb:162:in `start_thread'
    /usr/lib/ruby/1.8/webrick/server.rb:95:in `start'
    /usr/lib/ruby/1.8/webrick/server.rb:92:in `each'
    /usr/lib/ruby/1.8/webrick/server.rb:92:in `start'
    /usr/lib/ruby/1.8/webrick/server.rb:23:in `start'
    /usr/lib/ruby/1.8/webrick/server.rb:82:in `start'
    /vendor/rails/railties/lib/webrick_server.rb:62:in `dispatch'
    /vendor/rails/railties/lib/commands/servers/webrick.rb:66
    /usr/lib/ruby/1.8/rubygems/custom_require.rb:31:in `gem_original_require'
    /usr/lib/ruby/1.8/rubygems/custom_require.rb:31:in `require'
    /vendor/rails/activesupport/lib/active_support/dependencies.rb:510:in `require'
    /vendor/rails/activesupport/lib/active_support/dependencies.rb:355:in `new_constants_in'
    /vendor/rails/activesupport/lib/active_support/dependencies.rb:510:in `require'
    /vendor/rails/railties/lib/commands/server.rb:39
    /usr/lib/ruby/1.8/rubygems/custom_require.rb:31:in `gem_original_require'
    /usr/lib/ruby/1.8/rubygems/custom_require.rb:31:in `require'
    script/server:3

Rendering /home/sriram/redmine/redmine-0.8.6/vendor/rails/actionpack/lib/action_controller/templates/rescues/layout.erb (internal_server_error)
checking plugin 'engines' for 'application_helper'
checking plugin 'actionwebservice' for 'application_helper'
checking plugin 'acts_as_activity_provider' for 'application_helper'
checking plugin 'acts_as_attachable' for 'application_helper'
checking plugin 'acts_as_customizable' for 'application_helper'
checking plugin 'acts_as_event' for 'application_helper'
checking plugin 'acts_as_list' for 'application_helper'
checking plugin 'acts_as_searchable' for 'application_helper'
checking plugin 'acts_as_tree' for 'application_helper'
checking plugin 'acts_as_versioned' for 'application_helper'
checking plugin 'acts_as_watchable' for 'application_helper'
checking plugin 'classic_pagination' for 'application_helper'
checking plugin 'coderay-0.7.6.227' for 'application_helper'
checking plugin 'gloc-1.1.0' for 'application_helper'
checking plugin 'gravatar' for 'application_helper'
checking plugin 'rfpdf' for 'application_helper'
checking plugin 'ruby-net-ldap-0.0.4' for 'application_helper'
loading from application: application_helper
checking plugin 'engines' for 'welcome_controller'
checking plugin 'actionwebservice' for 'welcome_controller'
checking plugin 'acts_as_activity_provider' for 'welcome_controller'
checking plugin 'acts_as_attachable' for 'welcome_controller'
checking plugin 'acts_as_customizable' for 'welcome_controller'
checking plugin 'acts_as_event' for 'welcome_controller'
checking plugin 'acts_as_list' for 'welcome_controller'
checking plugin 'acts_as_searchable' for 'welcome_controller'
checking plugin 'acts_as_tree' for 'welcome_controller'
checking plugin 'acts_as_versioned' for 'welcome_controller'
checking plugin 'acts_as_watchable' for 'welcome_controller'
checking plugin 'classic_pagination' for 'welcome_controller'
checking plugin 'coderay-0.7.6.227' for 'welcome_controller'
checking plugin 'gloc-1.1.0' for 'welcome_controller'
checking plugin 'gravatar' for 'welcome_controller'
checking plugin 'rfpdf' for 'welcome_controller'
checking plugin 'ruby-net-ldap-0.0.4' for 'welcome_controller'
loading from application: welcome_controller
checking plugin 'engines' for 'welcome_helper'
checking plugin 'actionwebservice' for 'welcome_helper'
checking plugin 'acts_as_activity_provider' for 'welcome_helper'
checking plugin 'acts_as_attachable' for 'welcome_helper'
checking plugin 'acts_as_customizable' for 'welcome_helper'
checking plugin 'acts_as_event' for 'welcome_helper'
checking plugin 'acts_as_list' for 'welcome_helper'
checking plugin 'acts_as_searchable' for 'welcome_helper'
checking plugin 'acts_as_tree' for 'welcome_helper'
checking plugin 'acts_as_versioned' for 'welcome_helper'
checking plugin 'acts_as_watchable' for 'welcome_helper'
checking plugin 'classic_pagination' for 'welcome_helper'
checking plugin 'coderay-0.7.6.227' for 'welcome_helper'
checking plugin 'gloc-1.1.0' for 'welcome_helper'
checking plugin 'gravatar' for 'welcome_helper'
checking plugin 'rfpdf' for 'welcome_helper'
checking plugin 'ruby-net-ldap-0.0.4' for 'welcome_helper'
loading from application: welcome_helper


Processing WelcomeController#index (for 127.0.0.1 at 2012-04-04 15:18:45) [GET]
  Session ID: 9d0504ae50fe2335616ad3f24da74038
  Parameters: {"controller"=>"welcome", "action"=>"index"}


Processing WelcomeController#index (for 127.0.0.1 at 2012-04-04 15:18:45) [GET]
  Session ID: 9d0504ae50fe2335616ad3f24da74038
  Parameters: {"controller"=>"welcome", "action"=>"index"}


Mysql::Error (Access denied for user 'root'@'localhost' (using password: NO)):
    /vendor/rails/activerecord/lib/active_record/connection_adapters/mysql_adapter.rb:527:in `real_connect'
    /vendor/rails/activerecord/lib/active_record/connection_adapters/mysql_adapter.rb:527:in `connect'
    /vendor/rails/activerecord/lib/active_record/connection_adapters/mysql_adapter.rb:186:in `initialize'
    /vendor/rails/activerecord/lib/active_record/connection_adapters/mysql_adapter.rb:85:in `new'
    /vendor/rails/activerecord/lib/active_record/connection_adapters/mysql_adapter.rb:85:in `mysql_connection'
    /vendor/rails/activerecord/lib/active_record/connection_adapters/abstract/connection_specification.rb:292:in `send'
    /vendor/rails/activerecord/lib/active_record/connection_adapters/abstract/connection_specification.rb:292:in `connection='
    /vendor/rails/activerecord/lib/active_record/connection_adapters/abstract/connection_specification.rb:260:in `retrieve_connection'
    /vendor/rails/activerecord/lib/active_record/connection_adapters/abstract/connection_specification.rb:78:in `connection'
    /vendor/rails/activerecord/lib/active_record/query_cache.rb:8:in `cache'
    /vendor/rails/actionpack/lib/action_controller/caching/sql_cache.rb:12:in `perform_action'
    /vendor/rails/actionpack/lib/action_controller/base.rb:529:in `send'
    /vendor/rails/actionpack/lib/action_controller/base.rb:529:in `process_without_filters'
    /vendor/rails/actionpack/lib/action_controller/filters.rb:568:in `process_without_session_management_support'
    /vendor/rails/actionpack/lib/action_controller/session_management.rb:130:in `process'
    /vendor/rails/actionpack/lib/action_controller/base.rb:389:in `process'
    /vendor/rails/actionpack/lib/action_controller/dispatcher.rb:149:in `handle_request'
    /vendor/rails/actionpack/lib/action_controller/dispatcher.rb:107:in `dispatch'
    /vendor/rails/actionpack/lib/action_controller/dispatcher.rb:104:in `synchronize'
    /vendor/rails/actionpack/lib/action_controller/dispatcher.rb:104:in `dispatch'
    /vendor/rails/actionpack/lib/action_controller/dispatcher.rb:120:in `dispatch_cgi'
    /vendor/rails/actionpack/lib/action_controller/dispatcher.rb:35:in `dispatch'
    /vendor/rails/railties/lib/webrick_server.rb:112:in `handle_dispatch'
    /vendor/rails/railties/lib/webrick_server.rb:78:in `service'
    /usr/lib/ruby/1.8/webrick/httpserver.rb:104:in `service'
    /usr/lib/ruby/1.8/webrick/httpserver.rb:65:in `run'
    /usr/lib/ruby/1.8/webrick/server.rb:173:in `start_thread'
    /usr/lib/ruby/1.8/webrick/server.rb:162:in `start'
    /usr/lib/ruby/1.8/webrick/server.rb:162:in `start_thread'
    /usr/lib/ruby/1.8/webrick/server.rb:95:in `start'
    /usr/lib/ruby/1.8/webrick/server.rb:92:in `each'
    /usr/lib/ruby/1.8/webrick/server.rb:92:in `start'
    /usr/lib/ruby/1.8/webrick/server.rb:23:in `start'
    /usr/lib/ruby/1.8/webrick/server.rb:82:in `start'
    /vendor/rails/railties/lib/webrick_server.rb:62:in `dispatch'
    /vendor/rails/railties/lib/commands/servers/webrick.rb:66
    /usr/lib/ruby/1.8/rubygems/custom_require.rb:31:in `gem_original_require'
    /usr/lib/ruby/1.8/rubygems/custom_require.rb:31:in `require'
    /vendor/rails/activesupport/lib/active_support/dependencies.rb:510:in `require'
    /vendor/rails/activesupport/lib/active_support/dependencies.rb:355:in `new_constants_in'
    /vendor/rails/activesupport/lib/active_support/dependencies.rb:510:in `require'
    /vendor/rails/railties/lib/commands/server.rb:39
    /usr/lib/ruby/1.8/rubygems/custom_require.rb:31:in `gem_original_require'
    /usr/lib/ruby/1.8/rubygems/custom_require.rb:31:in `require'
    script/server:3

Rendering /home/sriram/redmine/redmine-0.8.6/vendor/rails/actionpack/lib/action_controller/templates/rescues/layout.erb (internal_server_error)
checking plugin 'engines' for 'application_helper'
checking plugin 'actionwebservice' for 'application_helper'
checking plugin 'acts_as_activity_provider' for 'application_helper'
checking plugin 'acts_as_attachable' for 'application_helper'
checking plugin 'acts_as_customizable' for 'application_helper'
checking plugin 'acts_as_event' for 'application_helper'
checking plugin 'acts_as_list' for 'application_helper'
checking plugin 'acts_as_searchable' for 'application_helper'
checking plugin 'acts_as_tree' for 'application_helper'
checking plugin 'acts_as_versioned' for 'application_helper'
checking plugin 'acts_as_watchable' for 'application_helper'
checking plugin 'classic_pagination' for 'application_helper'
checking plugin 'coderay-0.7.6.227' for 'application_helper'
checking plugin 'gloc-1.1.0' for 'application_helper'
checking plugin 'gravatar' for 'application_helper'
checking plugin 'rfpdf' for 'application_helper'
checking plugin 'ruby-net-ldap-0.0.4' for 'application_helper'
loading from application: application_helper
checking plugin 'engines' for 'welcome_controller'
checking plugin 'actionwebservice' for 'welcome_controller'
checking plugin 'acts_as_activity_provider' for 'welcome_controller'
checking plugin 'acts_as_attachable' for 'welcome_controller'
checking plugin 'acts_as_customizable' for 'welcome_controller'
checking plugin 'acts_as_event' for 'welcome_controller'
checking plugin 'acts_as_list' for 'welcome_controller'
checking plugin 'acts_as_searchable' for 'welcome_controller'
checking plugin 'acts_as_tree' for 'welcome_controller'
checking plugin 'acts_as_versioned' for 'welcome_controller'
checking plugin 'acts_as_watchable' for 'welcome_controller'
checking plugin 'classic_pagination' for 'welcome_controller'
checking plugin 'coderay-0.7.6.227' for 'welcome_controller'
checking plugin 'gloc-1.1.0' for 'welcome_controller'
checking plugin 'gravatar' for 'welcome_controller'
checking plugin 'rfpdf' for 'welcome_controller'
checking plugin 'ruby-net-ldap-0.0.4' for 'welcome_controller'
loading from application: welcome_controller
checking plugin 'engines' for 'welcome_helper'
checking plugin 'actionwebservice' for 'welcome_helper'
checking plugin 'acts_as_activity_provider' for 'welcome_helper'
checking plugin 'acts_as_attachable' for 'welcome_helper'
checking plugin 'acts_as_customizable' for 'welcome_helper'
checking plugin 'acts_as_event' for 'welcome_helper'
checking plugin 'acts_as_list' for 'welcome_helper'
checking plugin 'acts_as_searchable' for 'welcome_helper'
checking plugin 'acts_as_tree' for 'welcome_helper'
checking plugin 'acts_as_versioned' for 'welcome_helper'
checking plugin 'acts_as_watchable' for 'welcome_helper'
checking plugin 'classic_pagination' for 'welcome_helper'
checking plugin 'coderay-0.7.6.227' for 'welcome_helper'
checking plugin 'gloc-1.1.0' for 'welcome_helper'
checking plugin 'gravatar' for 'welcome_helper'
checking plugin 'rfpdf' for 'welcome_helper'
checking plugin 'ruby-net-ldap-0.0.4' for 'welcome_helper'
loading from application: welcome_helper


Processing WelcomeController#index (for 127.0.0.1 at 2012-04-04 15:18:45) [GET]
  Session ID: 9d0504ae50fe2335616ad3f24da74038
  Parameters: {"controller"=>"welcome", "action"=>"index"}


Processing WelcomeController#index (for 127.0.0.1 at 2012-04-04 15:18:45) [GET]
  Session ID: 9d0504ae50fe2335616ad3f24da74038
  Parameters: {"controller"=>"welcome", "action"=>"index"}


Mysql::Error (Access denied for user 'root'@'localhost' (using password: NO)):
    /vendor/rails/activerecord/lib/active_record/connection_adapters/mysql_adapter.rb:527:in `real_connect'
    /vendor/rails/activerecord/lib/active_record/connection_adapters/mysql_adapter.rb:527:in `connect'
    /vendor/rails/activerecord/lib/active_record/connection_adapters/mysql_adapter.rb:186:in `initialize'
    /vendor/rails/activerecord/lib/active_record/connection_adapters/mysql_adapter.rb:85:in `new'
    /vendor/rails/activerecord/lib/active_record/connection_adapters/mysql_adapter.rb:85:in `mysql_connection'
    /vendor/rails/activerecord/lib/active_record/connection_adapters/abstract/connection_specification.rb:292:in `send'
    /vendor/rails/activerecord/lib/active_record/connection_adapters/abstract/connection_specification.rb:292:in `connection='
    /vendor/rails/activerecord/lib/active_record/connection_adapters/abstract/connection_specification.rb:260:in `retrieve_connection'
    /vendor/rails/activerecord/lib/active_record/connection_adapters/abstract/connection_specification.rb:78:in `connection'
    /vendor/rails/activerecord/lib/active_record/query_cache.rb:8:in `cache'
    /vendor/rails/actionpack/lib/action_controller/caching/sql_cache.rb:12:in `perform_action'
    /vendor/rails/actionpack/lib/action_controller/base.rb:529:in `send'
    /vendor/rails/actionpack/lib/action_controller/base.rb:529:in `process_without_filters'
    /vendor/rails/actionpack/lib/action_controller/filters.rb:568:in `process_without_session_management_support'
    /vendor/rails/actionpack/lib/action_controller/session_management.rb:130:in `process'
    /vendor/rails/actionpack/lib/action_controller/base.rb:389:in `process'
    /vendor/rails/actionpack/lib/action_controller/dispatcher.rb:149:in `handle_request'
    /vendor/rails/actionpack/lib/action_controller/dispatcher.rb:107:in `dispatch'
    /vendor/rails/actionpack/lib/action_controller/dispatcher.rb:104:in `synchronize'
    /vendor/rails/actionpack/lib/action_controller/dispatcher.rb:104:in `dispatch'
    /vendor/rails/actionpack/lib/action_controller/dispatcher.rb:120:in `dispatch_cgi'
    /vendor/rails/actionpack/lib/action_controller/dispatcher.rb:35:in `dispatch'
    /vendor/rails/railties/lib/webrick_server.rb:112:in `handle_dispatch'
    /vendor/rails/railties/lib/webrick_server.rb:78:in `service'
    /usr/lib/ruby/1.8/webrick/httpserver.rb:104:in `service'
    /usr/lib/ruby/1.8/webrick/httpserver.rb:65:in `run'
    /usr/lib/ruby/1.8/webrick/server.rb:173:in `start_thread'
    /usr/lib/ruby/1.8/webrick/server.rb:162:in `start'
    /usr/lib/ruby/1.8/webrick/server.rb:162:in `start_thread'
    /usr/lib/ruby/1.8/webrick/server.rb:95:in `start'
    /usr/lib/ruby/1.8/webrick/server.rb:92:in `each'
    /usr/lib/ruby/1.8/webrick/server.rb:92:in `start'
    /usr/lib/ruby/1.8/webrick/server.rb:23:in `start'
    /usr/lib/ruby/1.8/webrick/server.rb:82:in `start'
    /vendor/rails/railties/lib/webrick_server.rb:62:in `dispatch'
    /vendor/rails/railties/lib/commands/servers/webrick.rb:66
    /usr/lib/ruby/1.8/rubygems/custom_require.rb:31:in `gem_original_require'
    /usr/lib/ruby/1.8/rubygems/custom_require.rb:31:in `require'
    /vendor/rails/activesupport/lib/active_support/dependencies.rb:510:in `require'
    /vendor/rails/activesupport/lib/active_support/dependencies.rb:355:in `new_constants_in'
    /vendor/rails/activesupport/lib/active_support/dependencies.rb:510:in `require'
    /vendor/rails/railties/lib/commands/server.rb:39
    /usr/lib/ruby/1.8/rubygems/custom_require.rb:31:in `gem_original_require'
    /usr/lib/ruby/1.8/rubygems/custom_require.rb:31:in `require'
    script/server:3

Rendering /home/sriram/redmine/redmine-0.8.6/vendor/rails/actionpack/lib/action_controller/templates/rescues/layout.erb (internal_server_error)
checking plugin 'engines' for 'application_helper'
checking plugin 'actionwebservice' for 'application_helper'
checking plugin 'acts_as_activity_provider' for 'application_helper'
checking plugin 'acts_as_attachable' for 'application_helper'
checking plugin 'acts_as_customizable' for 'application_helper'
checking plugin 'acts_as_event' for 'application_helper'
checking plugin 'acts_as_list' for 'application_helper'
checking plugin 'acts_as_searchable' for 'application_helper'
checking plugin 'acts_as_tree' for 'application_helper'
checking plugin 'acts_as_versioned' for 'application_helper'
checking plugin 'acts_as_watchable' for 'application_helper'
checking plugin 'classic_pagination' for 'application_helper'
checking plugin 'coderay-0.7.6.227' for 'application_helper'
checking plugin 'gloc-1.1.0' for 'application_helper'
checking plugin 'gravatar' for 'application_helper'
checking plugin 'rfpdf' for 'application_helper'
checking plugin 'ruby-net-ldap-0.0.4' for 'application_helper'
loading from application: application_helper
loading routes from /home/sriram/redmine/redmine-0.8.6/vendor/plugins/engines/routes.rb
loading routes from /home/sriram/redmine/redmine-0.8.6/vendor/plugins/actionwebservice/routes.rb
loading routes from /home/sriram/redmine/redmine-0.8.6/vendor/plugins/acts_as_activity_provider/routes.rb
loading routes from /home/sriram/redmine/redmine-0.8.6/vendor/plugins/acts_as_attachable/routes.rb
loading routes from /home/sriram/redmine/redmine-0.8.6/vendor/plugins/acts_as_customizable/routes.rb
loading routes from /home/sriram/redmine/redmine-0.8.6/vendor/plugins/acts_as_event/routes.rb
loading routes from /home/sriram/redmine/redmine-0.8.6/vendor/plugins/acts_as_list/routes.rb
loading routes from /home/sriram/redmine/redmine-0.8.6/vendor/plugins/acts_as_searchable/routes.rb
loading routes from /home/sriram/redmine/redmine-0.8.6/vendor/plugins/acts_as_tree/routes.rb
loading routes from /home/sriram/redmine/redmine-0.8.6/vendor/plugins/acts_as_versioned/routes.rb
loading routes from /home/sriram/redmine/redmine-0.8.6/vendor/plugins/acts_as_watchable/routes.rb
loading routes from /home/sriram/redmine/redmine-0.8.6/vendor/plugins/classic_pagination/routes.rb
loading routes from /home/sriram/redmine/redmine-0.8.6/vendor/plugins/coderay-0.7.6.227/routes.rb
loading routes from /home/sriram/redmine/redmine-0.8.6/vendor/plugins/gloc-1.1.0/routes.rb
loading routes from /home/sriram/redmine/redmine-0.8.6/vendor/plugins/gravatar/routes.rb
loading routes from /home/sriram/redmine/redmine-0.8.6/vendor/plugins/rfpdf/routes.rb
loading routes from /home/sriram/redmine/redmine-0.8.6/vendor/plugins/ruby-net-ldap-0.0.4/routes.rb
checking plugin 'engines' for 'welcome_controller'
checking plugin 'actionwebservice' for 'welcome_controller'
checking plugin 'acts_as_activity_provider' for 'welcome_controller'
checking plugin 'acts_as_attachable' for 'welcome_controller'
checking plugin 'acts_as_customizable' for 'welcome_controller'
checking plugin 'acts_as_event' for 'welcome_controller'
checking plugin 'acts_as_list' for 'welcome_controller'
checking plugin 'acts_as_searchable' for 'welcome_controller'
checking plugin 'acts_as_tree' for 'welcome_controller'
checking plugin 'acts_as_versioned' for 'welcome_controller'
checking plugin 'acts_as_watchable' for 'welcome_controller'
checking plugin 'classic_pagination' for 'welcome_controller'
checking plugin 'coderay-0.7.6.227' for 'welcome_controller'
checking plugin 'gloc-1.1.0' for 'welcome_controller'
checking plugin 'gravatar' for 'welcome_controller'
checking plugin 'rfpdf' for 'welcome_controller'
checking plugin 'ruby-net-ldap-0.0.4' for 'welcome_controller'
loading from application: welcome_controller
checking plugin 'engines' for 'welcome_helper'
checking plugin 'actionwebservice' for 'welcome_helper'
checking plugin 'acts_as_activity_provider' for 'welcome_helper'
checking plugin 'acts_as_attachable' for 'welcome_helper'
checking plugin 'acts_as_customizable' for 'welcome_helper'
checking plugin 'acts_as_event' for 'welcome_helper'
checking plugin 'acts_as_list' for 'welcome_helper'
checking plugin 'acts_as_searchable' for 'welcome_helper'
checking plugin 'acts_as_tree' for 'welcome_helper'
checking plugin 'acts_as_versioned' for 'welcome_helper'
checking plugin 'acts_as_watchable' for 'welcome_helper'
checking plugin 'classic_pagination' for 'welcome_helper'
checking plugin 'coderay-0.7.6.227' for 'welcome_helper'
checking plugin 'gloc-1.1.0' for 'welcome_helper'
checking plugin 'gravatar' for 'welcome_helper'
checking plugin 'rfpdf' for 'welcome_helper'
checking plugin 'ruby-net-ldap-0.0.4' for 'welcome_helper'
loading from application: welcome_helper


Processing WelcomeController#index (for 127.0.0.1 at 2012-04-04 15:21:35) [GET]
  Session ID: 9d0504ae50fe2335616ad3f24da74038
  Parameters: {"controller"=>"welcome", "action"=>"index"}


Processing WelcomeController#index (for 127.0.0.1 at 2012-04-04 15:21:35) [GET]
  Session ID: 9d0504ae50fe2335616ad3f24da74038
  Parameters: {"controller"=>"welcome", "action"=>"index"}


Mysql::Error (Access denied for user 'root'@'localhost' (using password: NO)):
    /vendor/rails/activerecord/lib/active_record/connection_adapters/mysql_adapter.rb:527:in `real_connect'
    /vendor/rails/activerecord/lib/active_record/connection_adapters/mysql_adapter.rb:527:in `connect'
    /vendor/rails/activerecord/lib/active_record/connection_adapters/mysql_adapter.rb:186:in `initialize'
    /vendor/rails/activerecord/lib/active_record/connection_adapters/mysql_adapter.rb:85:in `new'
    /vendor/rails/activerecord/lib/active_record/connection_adapters/mysql_adapter.rb:85:in `mysql_connection'
    /vendor/rails/activerecord/lib/active_record/connection_adapters/abstract/connection_specification.rb:292:in `send'
    /vendor/rails/activerecord/lib/active_record/connection_adapters/abstract/connection_specification.rb:292:in `connection='
    /vendor/rails/activerecord/lib/active_record/connection_adapters/abstract/connection_specification.rb:260:in `retrieve_connection'
    /vendor/rails/activerecord/lib/active_record/connection_adapters/abstract/connection_specification.rb:78:in `connection'
    /vendor/rails/activerecord/lib/active_record/query_cache.rb:8:in `cache'
    /vendor/rails/actionpack/lib/action_controller/caching/sql_cache.rb:12:in `perform_action'
    /vendor/rails/actionpack/lib/action_controller/base.rb:529:in `send'
    /vendor/rails/actionpack/lib/action_controller/base.rb:529:in `process_without_filters'
    /vendor/rails/actionpack/lib/action_controller/filters.rb:568:in `process_without_session_management_support'
    /vendor/rails/actionpack/lib/action_controller/session_management.rb:130:in `process'
    /vendor/rails/actionpack/lib/action_controller/base.rb:389:in `process'
    /vendor/rails/actionpack/lib/action_controller/dispatcher.rb:149:in `handle_request'
    /vendor/rails/actionpack/lib/action_controller/dispatcher.rb:107:in `dispatch'
    /vendor/rails/actionpack/lib/action_controller/dispatcher.rb:104:in `synchronize'
    /vendor/rails/actionpack/lib/action_controller/dispatcher.rb:104:in `dispatch'
    /vendor/rails/actionpack/lib/action_controller/dispatcher.rb:120:in `dispatch_cgi'
    /vendor/rails/actionpack/lib/action_controller/dispatcher.rb:35:in `dispatch'
    /vendor/rails/railties/lib/webrick_server.rb:112:in `handle_dispatch'
    /vendor/rails/railties/lib/webrick_server.rb:78:in `service'
    /usr/lib/ruby/1.8/webrick/httpserver.rb:104:in `service'
    /usr/lib/ruby/1.8/webrick/httpserver.rb:65:in `run'
    /usr/lib/ruby/1.8/webrick/server.rb:173:in `start_thread'
    /usr/lib/ruby/1.8/webrick/server.rb:162:in `start'
    /usr/lib/ruby/1.8/webrick/server.rb:162:in `start_thread'
    /usr/lib/ruby/1.8/webrick/server.rb:95:in `start'
    /usr/lib/ruby/1.8/webrick/server.rb:92:in `each'
    /usr/lib/ruby/1.8/webrick/server.rb:92:in `start'
    /usr/lib/ruby/1.8/webrick/server.rb:23:in `start'
    /usr/lib/ruby/1.8/webrick/server.rb:82:in `start'
    /vendor/rails/railties/lib/webrick_server.rb:62:in `dispatch'
    /vendor/rails/railties/lib/commands/servers/webrick.rb:66
    /usr/lib/ruby/1.8/rubygems/custom_require.rb:31:in `gem_original_require'
    /usr/lib/ruby/1.8/rubygems/custom_require.rb:31:in `require'
    /vendor/rails/activesupport/lib/active_support/dependencies.rb:510:in `require'
    /vendor/rails/activesupport/lib/active_support/dependencies.rb:355:in `new_constants_in'
    /vendor/rails/activesupport/lib/active_support/dependencies.rb:510:in `require'
    /vendor/rails/railties/lib/commands/server.rb:39
    /usr/lib/ruby/1.8/rubygems/custom_require.rb:31:in `gem_original_require'
    /usr/lib/ruby/1.8/rubygems/custom_require.rb:31:in `require'
    script/server:3

Rendering /home/sriram/redmine/redmine-0.8.6/vendor/rails/actionpack/lib/action_controller/templates/rescues/layout.erb (internal_server_error)
checking plugin 'engines' for 'application_helper'
checking plugin 'actionwebservice' for 'application_helper'
checking plugin 'acts_as_activity_provider' for 'application_helper'
checking plugin 'acts_as_attachable' for 'application_helper'
checking plugin 'acts_as_customizable' for 'application_helper'
checking plugin 'acts_as_event' for 'application_helper'
checking plugin 'acts_as_list' for 'application_helper'
checking plugin 'acts_as_searchable' for 'application_helper'
checking plugin 'acts_as_tree' for 'application_helper'
checking plugin 'acts_as_versioned' for 'application_helper'
checking plugin 'acts_as_watchable' for 'application_helper'
checking plugin 'classic_pagination' for 'application_helper'
checking plugin 'coderay-0.7.6.227' for 'application_helper'
checking plugin 'gloc-1.1.0' for 'application_helper'
checking plugin 'gravatar' for 'application_helper'
checking plugin 'rfpdf' for 'application_helper'
checking plugin 'ruby-net-ldap-0.0.4' for 'application_helper'
loading from application: application_helper
checking plugin 'engines' for 'welcome_controller'
checking plugin 'actionwebservice' for 'welcome_controller'
checking plugin 'acts_as_activity_provider' for 'welcome_controller'
checking plugin 'acts_as_attachable' for 'welcome_controller'
checking plugin 'acts_as_customizable' for 'welcome_controller'
checking plugin 'acts_as_event' for 'welcome_controller'
checking plugin 'acts_as_list' for 'welcome_controller'
checking plugin 'acts_as_searchable' for 'welcome_controller'
checking plugin 'acts_as_tree' for 'welcome_controller'
checking plugin 'acts_as_versioned' for 'welcome_controller'
checking plugin 'acts_as_watchable' for 'welcome_controller'
checking plugin 'classic_pagination' for 'welcome_controller'
checking plugin 'coderay-0.7.6.227' for 'welcome_controller'
checking plugin 'gloc-1.1.0' for 'welcome_controller'
checking plugin 'gravatar' for 'welcome_controller'
checking plugin 'rfpdf' for 'welcome_controller'
checking plugin 'ruby-net-ldap-0.0.4' for 'welcome_controller'
loading from application: welcome_controller
checking plugin 'engines' for 'welcome_helper'
checking plugin 'actionwebservice' for 'welcome_helper'
checking plugin 'acts_as_activity_provider' for 'welcome_helper'
checking plugin 'acts_as_attachable' for 'welcome_helper'
checking plugin 'acts_as_customizable' for 'welcome_helper'
checking plugin 'acts_as_event' for 'welcome_helper'
checking plugin 'acts_as_list' for 'welcome_helper'
checking plugin 'acts_as_searchable' for 'welcome_helper'
checking plugin 'acts_as_tree' for 'welcome_helper'
checking plugin 'acts_as_versioned' for 'welcome_helper'
checking plugin 'acts_as_watchable' for 'welcome_helper'
checking plugin 'classic_pagination' for 'welcome_helper'
checking plugin 'coderay-0.7.6.227' for 'welcome_helper'
checking plugin 'gloc-1.1.0' for 'welcome_helper'
checking plugin 'gravatar' for 'welcome_helper'
checking plugin 'rfpdf' for 'welcome_helper'
checking plugin 'ruby-net-ldap-0.0.4' for 'welcome_helper'
loading from application: welcome_helper


Processing WelcomeController#index (for 127.0.0.1 at 2012-04-04 15:21:37) [GET]
  Session ID: 9d0504ae50fe2335616ad3f24da74038
  Parameters: {"controller"=>"welcome", "action"=>"index"}


Processing WelcomeController#index (for 127.0.0.1 at 2012-04-04 15:21:37) [GET]
  Session ID: 9d0504ae50fe2335616ad3f24da74038
  Parameters: {"controller"=>"welcome", "action"=>"index"}


Mysql::Error (Access denied for user 'root'@'localhost' (using password: NO)):
    /vendor/rails/activerecord/lib/active_record/connection_adapters/mysql_adapter.rb:527:in `real_connect'
    /vendor/rails/activerecord/lib/active_record/connection_adapters/mysql_adapter.rb:527:in `connect'
    /vendor/rails/activerecord/lib/active_record/connection_adapters/mysql_adapter.rb:186:in `initialize'
    /vendor/rails/activerecord/lib/active_record/connection_adapters/mysql_adapter.rb:85:in `new'
    /vendor/rails/activerecord/lib/active_record/connection_adapters/mysql_adapter.rb:85:in `mysql_connection'
    /vendor/rails/activerecord/lib/active_record/connection_adapters/abstract/connection_specification.rb:292:in `send'
    /vendor/rails/activerecord/lib/active_record/connection_adapters/abstract/connection_specification.rb:292:in `connection='
    /vendor/rails/activerecord/lib/active_record/connection_adapters/abstract/connection_specification.rb:260:in `retrieve_connection'
    /vendor/rails/activerecord/lib/active_record/connection_adapters/abstract/connection_specification.rb:78:in `connection'
    /vendor/rails/activerecord/lib/active_record/query_cache.rb:8:in `cache'
    /vendor/rails/actionpack/lib/action_controller/caching/sql_cache.rb:12:in `perform_action'
    /vendor/rails/actionpack/lib/action_controller/base.rb:529:in `send'
    /vendor/rails/actionpack/lib/action_controller/base.rb:529:in `process_without_filters'
    /vendor/rails/actionpack/lib/action_controller/filters.rb:568:in `process_without_session_management_support'
    /vendor/rails/actionpack/lib/action_controller/session_management.rb:130:in `process'
    /vendor/rails/actionpack/lib/action_controller/base.rb:389:in `process'
    /vendor/rails/actionpack/lib/action_controller/dispatcher.rb:149:in `handle_request'
    /vendor/rails/actionpack/lib/action_controller/dispatcher.rb:107:in `dispatch'
    /vendor/rails/actionpack/lib/action_controller/dispatcher.rb:104:in `synchronize'
    /vendor/rails/actionpack/lib/action_controller/dispatcher.rb:104:in `dispatch'
    /vendor/rails/actionpack/lib/action_controller/dispatcher.rb:120:in `dispatch_cgi'
    /vendor/rails/actionpack/lib/action_controller/dispatcher.rb:35:in `dispatch'
    /vendor/rails/railties/lib/webrick_server.rb:112:in `handle_dispatch'
    /vendor/rails/railties/lib/webrick_server.rb:78:in `service'
    /usr/lib/ruby/1.8/webrick/httpserver.rb:104:in `service'
    /usr/lib/ruby/1.8/webrick/httpserver.rb:65:in `run'
    /usr/lib/ruby/1.8/webrick/server.rb:173:in `start_thread'
    /usr/lib/ruby/1.8/webrick/server.rb:162:in `start'
    /usr/lib/ruby/1.8/webrick/server.rb:162:in `start_thread'
    /usr/lib/ruby/1.8/webrick/server.rb:95:in `start'
    /usr/lib/ruby/1.8/webrick/server.rb:92:in `each'
    /usr/lib/ruby/1.8/webrick/server.rb:92:in `start'
    /usr/lib/ruby/1.8/webrick/server.rb:23:in `start'
    /usr/lib/ruby/1.8/webrick/server.rb:82:in `start'
    /vendor/rails/railties/lib/webrick_server.rb:62:in `dispatch'
    /vendor/rails/railties/lib/commands/servers/webrick.rb:66
    /usr/lib/ruby/1.8/rubygems/custom_require.rb:31:in `gem_original_require'
    /usr/lib/ruby/1.8/rubygems/custom_require.rb:31:in `require'
    /vendor/rails/activesupport/lib/active_support/dependencies.rb:510:in `require'
    /vendor/rails/activesupport/lib/active_support/dependencies.rb:355:in `new_constants_in'
    /vendor/rails/activesupport/lib/active_support/dependencies.rb:510:in `require'
    /vendor/rails/railties/lib/commands/server.rb:39
    /usr/lib/ruby/1.8/rubygems/custom_require.rb:31:in `gem_original_require'
    /usr/lib/ruby/1.8/rubygems/custom_require.rb:31:in `require'
    script/server:3

Rendering /home/sriram/redmine/redmine-0.8.6/vendor/rails/actionpack/lib/action_controller/templates/rescues/layout.erb (internal_server_error)
checking plugin 'engines' for 'application_helper'
checking plugin 'actionwebservice' for 'application_helper'
checking plugin 'acts_as_activity_provider' for 'application_helper'
checking plugin 'acts_as_attachable' for 'application_helper'
checking plugin 'acts_as_customizable' for 'application_helper'
checking plugin 'acts_as_event' for 'application_helper'
checking plugin 'acts_as_list' for 'application_helper'
checking plugin 'acts_as_searchable' for 'application_helper'
checking plugin 'acts_as_tree' for 'application_helper'
checking plugin 'acts_as_versioned' for 'application_helper'
checking plugin 'acts_as_watchable' for 'application_helper'
checking plugin 'classic_pagination' for 'application_helper'
checking plugin 'coderay-0.7.6.227' for 'application_helper'
checking plugin 'gloc-1.1.0' for 'application_helper'
checking plugin 'gravatar' for 'application_helper'
checking plugin 'rfpdf' for 'application_helper'
checking plugin 'ruby-net-ldap-0.0.4' for 'application_helper'
loading from application: application_helper
checking plugin 'engines' for 'welcome_controller'
checking plugin 'actionwebservice' for 'welcome_controller'
checking plugin 'acts_as_activity_provider' for 'welcome_controller'
checking plugin 'acts_as_attachable' for 'welcome_controller'
checking plugin 'acts_as_customizable' for 'welcome_controller'
checking plugin 'acts_as_event' for 'welcome_controller'
checking plugin 'acts_as_list' for 'welcome_controller'
checking plugin 'acts_as_searchable' for 'welcome_controller'
checking plugin 'acts_as_tree' for 'welcome_controller'
checking plugin 'acts_as_versioned' for 'welcome_controller'
checking plugin 'acts_as_watchable' for 'welcome_controller'
checking plugin 'classic_pagination' for 'welcome_controller'
checking plugin 'coderay-0.7.6.227' for 'welcome_controller'
checking plugin 'gloc-1.1.0' for 'welcome_controller'
checking plugin 'gravatar' for 'welcome_controller'
checking plugin 'rfpdf' for 'welcome_controller'
checking plugin 'ruby-net-ldap-0.0.4' for 'welcome_controller'
loading from application: welcome_controller
checking plugin 'engines' for 'welcome_helper'
checking plugin 'actionwebservice' for 'welcome_helper'
checking plugin 'acts_as_activity_provider' for 'welcome_helper'
checking plugin 'acts_as_attachable' for 'welcome_helper'
checking plugin 'acts_as_customizable' for 'welcome_helper'
checking plugin 'acts_as_event' for 'welcome_helper'
checking plugin 'acts_as_list' for 'welcome_helper'
checking plugin 'acts_as_searchable' for 'welcome_helper'
checking plugin 'acts_as_tree' for 'welcome_helper'
checking plugin 'acts_as_versioned' for 'welcome_helper'
checking plugin 'acts_as_watchable' for 'welcome_helper'
checking plugin 'classic_pagination' for 'welcome_helper'
checking plugin 'coderay-0.7.6.227' for 'welcome_helper'
checking plugin 'gloc-1.1.0' for 'welcome_helper'
checking plugin 'gravatar' for 'welcome_helper'
checking plugin 'rfpdf' for 'welcome_helper'
checking plugin 'ruby-net-ldap-0.0.4' for 'welcome_helper'
loading from application: welcome_helper


Processing WelcomeController#index (for 127.0.0.1 at 2012-04-04 15:24:10) [GET]
  Session ID: 9d0504ae50fe2335616ad3f24da74038
  Parameters: {"controller"=>"welcome", "action"=>"index"}


Processing WelcomeController#index (for 127.0.0.1 at 2012-04-04 15:24:10) [GET]
  Session ID: 9d0504ae50fe2335616ad3f24da74038
  Parameters: {"controller"=>"welcome", "action"=>"index"}


Mysql::Error (Access denied for user 'root'@'localhost' (using password: NO)):
    /vendor/rails/activerecord/lib/active_record/connection_adapters/mysql_adapter.rb:527:in `real_connect'
    /vendor/rails/activerecord/lib/active_record/connection_adapters/mysql_adapter.rb:527:in `connect'
    /vendor/rails/activerecord/lib/active_record/connection_adapters/mysql_adapter.rb:186:in `initialize'
    /vendor/rails/activerecord/lib/active_record/connection_adapters/mysql_adapter.rb:85:in `new'
    /vendor/rails/activerecord/lib/active_record/connection_adapters/mysql_adapter.rb:85:in `mysql_connection'
    /vendor/rails/activerecord/lib/active_record/connection_adapters/abstract/connection_specification.rb:292:in `send'
    /vendor/rails/activerecord/lib/active_record/connection_adapters/abstract/connection_specification.rb:292:in `connection='
    /vendor/rails/activerecord/lib/active_record/connection_adapters/abstract/connection_specification.rb:260:in `retrieve_connection'
    /vendor/rails/activerecord/lib/active_record/connection_adapters/abstract/connection_specification.rb:78:in `connection'
    /vendor/rails/activerecord/lib/active_record/query_cache.rb:8:in `cache'
    /vendor/rails/actionpack/lib/action_controller/caching/sql_cache.rb:12:in `perform_action'
    /vendor/rails/actionpack/lib/action_controller/base.rb:529:in `send'
    /vendor/rails/actionpack/lib/action_controller/base.rb:529:in `process_without_filters'
    /vendor/rails/actionpack/lib/action_controller/filters.rb:568:in `process_without_session_management_support'
    /vendor/rails/actionpack/lib/action_controller/session_management.rb:130:in `process'
    /vendor/rails/actionpack/lib/action_controller/base.rb:389:in `process'
    /vendor/rails/actionpack/lib/action_controller/dispatcher.rb:149:in `handle_request'
    /vendor/rails/actionpack/lib/action_controller/dispatcher.rb:107:in `dispatch'
    /vendor/rails/actionpack/lib/action_controller/dispatcher.rb:104:in `synchronize'
    /vendor/rails/actionpack/lib/action_controller/dispatcher.rb:104:in `dispatch'
    /vendor/rails/actionpack/lib/action_controller/dispatcher.rb:120:in `dispatch_cgi'
    /vendor/rails/actionpack/lib/action_controller/dispatcher.rb:35:in `dispatch'
    /vendor/rails/railties/lib/webrick_server.rb:112:in `handle_dispatch'
    /vendor/rails/railties/lib/webrick_server.rb:78:in `service'
    /usr/lib/ruby/1.8/webrick/httpserver.rb:104:in `service'
    /usr/lib/ruby/1.8/webrick/httpserver.rb:65:in `run'
    /usr/lib/ruby/1.8/webrick/server.rb:173:in `start_thread'
    /usr/lib/ruby/1.8/webrick/server.rb:162:in `start'
    /usr/lib/ruby/1.8/webrick/server.rb:162:in `start_thread'
    /usr/lib/ruby/1.8/webrick/server.rb:95:in `start'
    /usr/lib/ruby/1.8/webrick/server.rb:92:in `each'
    /usr/lib/ruby/1.8/webrick/server.rb:92:in `start'
    /usr/lib/ruby/1.8/webrick/server.rb:23:in `start'
    /usr/lib/ruby/1.8/webrick/server.rb:82:in `start'
    /vendor/rails/railties/lib/webrick_server.rb:62:in `dispatch'
    /vendor/rails/railties/lib/commands/servers/webrick.rb:66
    /usr/lib/ruby/1.8/rubygems/custom_require.rb:31:in `gem_original_require'
    /usr/lib/ruby/1.8/rubygems/custom_require.rb:31:in `require'
    /vendor/rails/activesupport/lib/active_support/dependencies.rb:510:in `require'
    /vendor/rails/activesupport/lib/active_support/dependencies.rb:355:in `new_constants_in'
    /vendor/rails/activesupport/lib/active_support/dependencies.rb:510:in `require'
    /vendor/rails/railties/lib/commands/server.rb:39
    /usr/lib/ruby/1.8/rubygems/custom_require.rb:31:in `gem_original_require'
    /usr/lib/ruby/1.8/rubygems/custom_require.rb:31:in `require'
    script/server:3

Rendering /home/sriram/redmine/redmine-0.8.6/vendor/rails/actionpack/lib/action_controller/templates/rescues/layout.erb (internal_server_error)
checking plugin 'engines' for 'application_helper'
checking plugin 'actionwebservice' for 'application_helper'
checking plugin 'acts_as_activity_provider' for 'application_helper'
checking plugin 'acts_as_attachable' for 'application_helper'
checking plugin 'acts_as_customizable' for 'application_helper'
checking plugin 'acts_as_event' for 'application_helper'
checking plugin 'acts_as_list' for 'application_helper'
checking plugin 'acts_as_searchable' for 'application_helper'
checking plugin 'acts_as_tree' for 'application_helper'
checking plugin 'acts_as_versioned' for 'application_helper'
checking plugin 'acts_as_watchable' for 'application_helper'
checking plugin 'classic_pagination' for 'application_helper'
checking plugin 'coderay-0.7.6.227' for 'application_helper'
checking plugin 'gloc-1.1.0' for 'application_helper'
checking plugin 'gravatar' for 'application_helper'
checking plugin 'rfpdf' for 'application_helper'
checking plugin 'ruby-net-ldap-0.0.4' for 'application_helper'
loading from application: application_helper
checking plugin 'engines' for 'welcome_controller'
checking plugin 'actionwebservice' for 'welcome_controller'
checking plugin 'acts_as_activity_provider' for 'welcome_controller'
checking plugin 'acts_as_attachable' for 'welcome_controller'
checking plugin 'acts_as_customizable' for 'welcome_controller'
checking plugin 'acts_as_event' for 'welcome_controller'
checking plugin 'acts_as_list' for 'welcome_controller'
checking plugin 'acts_as_searchable' for 'welcome_controller'
checking plugin 'acts_as_tree' for 'welcome_controller'
checking plugin 'acts_as_versioned' for 'welcome_controller'
checking plugin 'acts_as_watchable' for 'welcome_controller'
checking plugin 'classic_pagination' for 'welcome_controller'
checking plugin 'coderay-0.7.6.227' for 'welcome_controller'
checking plugin 'gloc-1.1.0' for 'welcome_controller'
checking plugin 'gravatar' for 'welcome_controller'
checking plugin 'rfpdf' for 'welcome_controller'
checking plugin 'ruby-net-ldap-0.0.4' for 'welcome_controller'
loading from application: welcome_controller
checking plugin 'engines' for 'welcome_helper'
checking plugin 'actionwebservice' for 'welcome_helper'
checking plugin 'acts_as_activity_provider' for 'welcome_helper'
checking plugin 'acts_as_attachable' for 'welcome_helper'
checking plugin 'acts_as_customizable' for 'welcome_helper'
checking plugin 'acts_as_event' for 'welcome_helper'
checking plugin 'acts_as_list' for 'welcome_helper'
checking plugin 'acts_as_searchable' for 'welcome_helper'
checking plugin 'acts_as_tree' for 'welcome_helper'
checking plugin 'acts_as_versioned' for 'welcome_helper'
checking plugin 'acts_as_watchable' for 'welcome_helper'
checking plugin 'classic_pagination' for 'welcome_helper'
checking plugin 'coderay-0.7.6.227' for 'welcome_helper'
checking plugin 'gloc-1.1.0' for 'welcome_helper'
checking plugin 'gravatar' for 'welcome_helper'
checking plugin 'rfpdf' for 'welcome_helper'
checking plugin 'ruby-net-ldap-0.0.4' for 'welcome_helper'
loading from application: welcome_helper


Processing WelcomeController#index (for 127.0.0.1 at 2012-04-04 15:24:11) [GET]
  Session ID: 9d0504ae50fe2335616ad3f24da74038
  Parameters: {"controller"=>"welcome", "action"=>"index"}


Processing WelcomeController#index (for 127.0.0.1 at 2012-04-04 15:24:11) [GET]
  Session ID: 9d0504ae50fe2335616ad3f24da74038
  Parameters: {"controller"=>"welcome", "action"=>"index"}


Mysql::Error (Access denied for user 'root'@'localhost' (using password: NO)):
    /vendor/rails/activerecord/lib/active_record/connection_adapters/mysql_adapter.rb:527:in `real_connect'
    /vendor/rails/activerecord/lib/active_record/connection_adapters/mysql_adapter.rb:527:in `connect'
    /vendor/rails/activerecord/lib/active_record/connection_adapters/mysql_adapter.rb:186:in `initialize'
    /vendor/rails/activerecord/lib/active_record/connection_adapters/mysql_adapter.rb:85:in `new'
    /vendor/rails/activerecord/lib/active_record/connection_adapters/mysql_adapter.rb:85:in `mysql_connection'
    /vendor/rails/activerecord/lib/active_record/connection_adapters/abstract/connection_specification.rb:292:in `send'
    /vendor/rails/activerecord/lib/active_record/connection_adapters/abstract/connection_specification.rb:292:in `connection='
    /vendor/rails/activerecord/lib/active_record/connection_adapters/abstract/connection_specification.rb:260:in `retrieve_connection'
    /vendor/rails/activerecord/lib/active_record/connection_adapters/abstract/connection_specification.rb:78:in `connection'
    /vendor/rails/activerecord/lib/active_record/query_cache.rb:8:in `cache'
    /vendor/rails/actionpack/lib/action_controller/caching/sql_cache.rb:12:in `perform_action'
    /vendor/rails/actionpack/lib/action_controller/base.rb:529:in `send'
    /vendor/rails/actionpack/lib/action_controller/base.rb:529:in `process_without_filters'
    /vendor/rails/actionpack/lib/action_controller/filters.rb:568:in `process_without_session_management_support'
    /vendor/rails/actionpack/lib/action_controller/session_management.rb:130:in `process'
    /vendor/rails/actionpack/lib/action_controller/base.rb:389:in `process'
    /vendor/rails/actionpack/lib/action_controller/dispatcher.rb:149:in `handle_request'
    /vendor/rails/actionpack/lib/action_controller/dispatcher.rb:107:in `dispatch'
    /vendor/rails/actionpack/lib/action_controller/dispatcher.rb:104:in `synchronize'
    /vendor/rails/actionpack/lib/action_controller/dispatcher.rb:104:in `dispatch'
    /vendor/rails/actionpack/lib/action_controller/dispatcher.rb:120:in `dispatch_cgi'
    /vendor/rails/actionpack/lib/action_controller/dispatcher.rb:35:in `dispatch'
    /vendor/rails/railties/lib/webrick_server.rb:112:in `handle_dispatch'
    /vendor/rails/railties/lib/webrick_server.rb:78:in `service'
    /usr/lib/ruby/1.8/webrick/httpserver.rb:104:in `service'
    /usr/lib/ruby/1.8/webrick/httpserver.rb:65:in `run'
    /usr/lib/ruby/1.8/webrick/server.rb:173:in `start_thread'
    /usr/lib/ruby/1.8/webrick/server.rb:162:in `start'
    /usr/lib/ruby/1.8/webrick/server.rb:162:in `start_thread'
    /usr/lib/ruby/1.8/webrick/server.rb:95:in `start'
    /usr/lib/ruby/1.8/webrick/server.rb:92:in `each'
    /usr/lib/ruby/1.8/webrick/server.rb:92:in `start'
    /usr/lib/ruby/1.8/webrick/server.rb:23:in `start'
    /usr/lib/ruby/1.8/webrick/server.rb:82:in `start'
    /vendor/rails/railties/lib/webrick_server.rb:62:in `dispatch'
    /vendor/rails/railties/lib/commands/servers/webrick.rb:66
    /usr/lib/ruby/1.8/rubygems/custom_require.rb:31:in `gem_original_require'
    /usr/lib/ruby/1.8/rubygems/custom_require.rb:31:in `require'
    /vendor/rails/activesupport/lib/active_support/dependencies.rb:510:in `require'
    /vendor/rails/activesupport/lib/active_support/dependencies.rb:355:in `new_constants_in'
    /vendor/rails/activesupport/lib/active_support/dependencies.rb:510:in `require'
    /vendor/rails/railties/lib/commands/server.rb:39
    /usr/lib/ruby/1.8/rubygems/custom_require.rb:31:in `gem_original_require'
    /usr/lib/ruby/1.8/rubygems/custom_require.rb:31:in `require'
    script/server:3

Rendering /home/sriram/redmine/redmine-0.8.6/vendor/rails/actionpack/lib/action_controller/templates/rescues/layout.erb (internal_server_error)
checking plugin 'engines' for 'application_helper'
checking plugin 'actionwebservice' for 'application_helper'
checking plugin 'acts_as_activity_provider' for 'application_helper'
checking plugin 'acts_as_attachable' for 'application_helper'
checking plugin 'acts_as_customizable' for 'application_helper'
checking plugin 'acts_as_event' for 'application_helper'
checking plugin 'acts_as_list' for 'application_helper'
checking plugin 'acts_as_searchable' for 'application_helper'
checking plugin 'acts_as_tree' for 'application_helper'
checking plugin 'acts_as_versioned' for 'application_helper'
checking plugin 'acts_as_watchable' for 'application_helper'
checking plugin 'classic_pagination' for 'application_helper'
checking plugin 'coderay-0.7.6.227' for 'application_helper'
checking plugin 'gloc-1.1.0' for 'application_helper'
checking plugin 'gravatar' for 'application_helper'
checking plugin 'rfpdf' for 'application_helper'
checking plugin 'ruby-net-ldap-0.0.4' for 'application_helper'
loading from application: application_helper
checking plugin 'engines' for 'welcome_controller'
checking plugin 'actionwebservice' for 'welcome_controller'
checking plugin 'acts_as_activity_provider' for 'welcome_controller'
checking plugin 'acts_as_attachable' for 'welcome_controller'
checking plugin 'acts_as_customizable' for 'welcome_controller'
checking plugin 'acts_as_event' for 'welcome_controller'
checking plugin 'acts_as_list' for 'welcome_controller'
checking plugin 'acts_as_searchable' for 'welcome_controller'
checking plugin 'acts_as_tree' for 'welcome_controller'
checking plugin 'acts_as_versioned' for 'welcome_controller'
checking plugin 'acts_as_watchable' for 'welcome_controller'
checking plugin 'classic_pagination' for 'welcome_controller'
checking plugin 'coderay-0.7.6.227' for 'welcome_controller'
checking plugin 'gloc-1.1.0' for 'welcome_controller'
checking plugin 'gravatar' for 'welcome_controller'
checking plugin 'rfpdf' for 'welcome_controller'
checking plugin 'ruby-net-ldap-0.0.4' for 'welcome_controller'
loading from application: welcome_controller
checking plugin 'engines' for 'welcome_helper'
checking plugin 'actionwebservice' for 'welcome_helper'
checking plugin 'acts_as_activity_provider' for 'welcome_helper'
checking plugin 'acts_as_attachable' for 'welcome_helper'
checking plugin 'acts_as_customizable' for 'welcome_helper'
checking plugin 'acts_as_event' for 'welcome_helper'
checking plugin 'acts_as_list' for 'welcome_helper'
checking plugin 'acts_as_searchable' for 'welcome_helper'
checking plugin 'acts_as_tree' for 'welcome_helper'
checking plugin 'acts_as_versioned' for 'welcome_helper'
checking plugin 'acts_as_watchable' for 'welcome_helper'
checking plugin 'classic_pagination' for 'welcome_helper'
checking plugin 'coderay-0.7.6.227' for 'welcome_helper'
checking plugin 'gloc-1.1.0' for 'welcome_helper'
checking plugin 'gravatar' for 'welcome_helper'
checking plugin 'rfpdf' for 'welcome_helper'
checking plugin 'ruby-net-ldap-0.0.4' for 'welcome_helper'
loading from application: welcome_helper


Processing WelcomeController#index (for 127.0.0.1 at 2012-04-04 15:24:12) [GET]
  Session ID: 9d0504ae50fe2335616ad3f24da74038
  Parameters: {"controller"=>"welcome", "action"=>"index"}


Processing WelcomeController#index (for 127.0.0.1 at 2012-04-04 15:24:12) [GET]
  Session ID: 9d0504ae50fe2335616ad3f24da74038
  Parameters: {"controller"=>"welcome", "action"=>"index"}


Mysql::Error (Access denied for user 'root'@'localhost' (using password: NO)):
    /vendor/rails/activerecord/lib/active_record/connection_adapters/mysql_adapter.rb:527:in `real_connect'
    /vendor/rails/activerecord/lib/active_record/connection_adapters/mysql_adapter.rb:527:in `connect'
    /vendor/rails/activerecord/lib/active_record/connection_adapters/mysql_adapter.rb:186:in `initialize'
    /vendor/rails/activerecord/lib/active_record/connection_adapters/mysql_adapter.rb:85:in `new'
    /vendor/rails/activerecord/lib/active_record/connection_adapters/mysql_adapter.rb:85:in `mysql_connection'
    /vendor/rails/activerecord/lib/active_record/connection_adapters/abstract/connection_specification.rb:292:in `send'
    /vendor/rails/activerecord/lib/active_record/connection_adapters/abstract/connection_specification.rb:292:in `connection='
    /vendor/rails/activerecord/lib/active_record/connection_adapters/abstract/connection_specification.rb:260:in `retrieve_connection'
    /vendor/rails/activerecord/lib/active_record/connection_adapters/abstract/connection_specification.rb:78:in `connection'
    /vendor/rails/activerecord/lib/active_record/query_cache.rb:8:in `cache'
    /vendor/rails/actionpack/lib/action_controller/caching/sql_cache.rb:12:in `perform_action'
    /vendor/rails/actionpack/lib/action_controller/base.rb:529:in `send'
    /vendor/rails/actionpack/lib/action_controller/base.rb:529:in `process_without_filters'
    /vendor/rails/actionpack/lib/action_controller/filters.rb:568:in `process_without_session_management_support'
    /vendor/rails/actionpack/lib/action_controller/session_management.rb:130:in `process'
    /vendor/rails/actionpack/lib/action_controller/base.rb:389:in `process'
    /vendor/rails/actionpack/lib/action_controller/dispatcher.rb:149:in `handle_request'
    /vendor/rails/actionpack/lib/action_controller/dispatcher.rb:107:in `dispatch'
    /vendor/rails/actionpack/lib/action_controller/dispatcher.rb:104:in `synchronize'
    /vendor/rails/actionpack/lib/action_controller/dispatcher.rb:104:in `dispatch'
    /vendor/rails/actionpack/lib/action_controller/dispatcher.rb:120:in `dispatch_cgi'
    /vendor/rails/actionpack/lib/action_controller/dispatcher.rb:35:in `dispatch'
    /vendor/rails/railties/lib/webrick_server.rb:112:in `handle_dispatch'
    /vendor/rails/railties/lib/webrick_server.rb:78:in `service'
    /usr/lib/ruby/1.8/webrick/httpserver.rb:104:in `service'
    /usr/lib/ruby/1.8/webrick/httpserver.rb:65:in `run'
    /usr/lib/ruby/1.8/webrick/server.rb:173:in `start_thread'
    /usr/lib/ruby/1.8/webrick/server.rb:162:in `start'
    /usr/lib/ruby/1.8/webrick/server.rb:162:in `start_thread'
    /usr/lib/ruby/1.8/webrick/server.rb:95:in `start'
    /usr/lib/ruby/1.8/webrick/server.rb:92:in `each'
    /usr/lib/ruby/1.8/webrick/server.rb:92:in `start'
    /usr/lib/ruby/1.8/webrick/server.rb:23:in `start'
    /usr/lib/ruby/1.8/webrick/server.rb:82:in `start'
    /vendor/rails/railties/lib/webrick_server.rb:62:in `dispatch'
    /vendor/rails/railties/lib/commands/servers/webrick.rb:66
    /usr/lib/ruby/1.8/rubygems/custom_require.rb:31:in `gem_original_require'
    /usr/lib/ruby/1.8/rubygems/custom_require.rb:31:in `require'
    /vendor/rails/activesupport/lib/active_support/dependencies.rb:510:in `require'
    /vendor/rails/activesupport/lib/active_support/dependencies.rb:355:in `new_constants_in'
    /vendor/rails/activesupport/lib/active_support/dependencies.rb:510:in `require'
    /vendor/rails/railties/lib/commands/server.rb:39
    /usr/lib/ruby/1.8/rubygems/custom_require.rb:31:in `gem_original_require'
    /usr/lib/ruby/1.8/rubygems/custom_require.rb:31:in `require'
    script/server:3

Rendering /home/sriram/redmine/redmine-0.8.6/vendor/rails/actionpack/lib/action_controller/templates/rescues/layout.erb (internal_server_error)
